{"name": "Text Box -- @1.1 ", "status": "broken", "statusDetails": {"message": "selenium.common.exceptions.InvalidArgumentException: Message: invalid argument: 'value' must be a string\n  (Session info: chrome=125.0.6422.113)\nStacktrace:\n\tGetHandleVerifier [0x00007FF69A511F52+60322]\n\t(No symbol) [0x00007FF69A48CEC9]\n\t(No symbol) [0x00007FF69A347EBA]\n\t(No symbol) [0x00007FF69A396CEE]\n\t(No symbol) [0x00007FF69A39773C]\n\t(No symbol) [0x00007FF69A3DE967]\n\t(No symbol) [0x00007FF69A3BC25F]\n\t(No symbol) [0x00007FF69A3DBC80]\n\t(No symbol) [0x00007FF69A3BBFC3]\n\t(No symbol) [0x00007FF69A389617]\n\t(No symbol) [0x00007FF69A38A211]\n\tGetHandleVerifier [0x00007FF69A8294AD+3301629]\n\tGetHandleVerifier [0x00007FF69A8736D3+3605283]\n\tGetHandleVerifier [0x00007FF69A869450+3563680]\n\tGetHandleVerifier [0x00007FF69A5C4326+790390]\n\t(No symbol) [0x00007FF69A49750F]\n\t(No symbol) [0x00007FF69A493404]\n\t(No symbol) [0x00007FF69A493592]\n\t(No symbol) [0x00007FF69A482F9F]\n\tBaseThreadInitThunk [0x00007FFC472B257D+29]\n\tRtlUserThreadStart [0x00007FFC47FEAA48+40]\n\n", "trace": "  File \"C:\\Users\\Utilisateur\\PycharmProjects\\python_selenium_framework\\.venv\\Lib\\site-packages\\behave\\model.py\", line 1329, in run\n    match.run(runner.context)\n  File \"C:\\Users\\Utilisateur\\PycharmProjects\\python_selenium_framework\\.venv\\Lib\\site-packages\\behave\\matchers.py\", line 98, in run\n    self.func(context, *args, **kwargs)\n  File \"features\\steps\\elementspagestepdefinitions.py\", line 13, in step_impl\n    enter_full_name(context.driver, full_name)\n  File \"C:\\Users\\Utilisateur\\PycharmProjects\\python_selenium_framework\\pages\\toolsQa\\elements\\textboxpage.py\", line 12, in enter_full_name\n    fill_field(driver, \"fullName\", full_name)\n  File \"C:\\Users\\Utilisateur\\PycharmProjects\\python_selenium_framework\\utils\\driverutil.py\", line 27, in fill_field\n    WebDriverWait(driver, 5).until(\n  File \"C:\\Users\\Utilisateur\\PycharmProjects\\python_selenium_framework\\.venv\\Lib\\site-packages\\selenium\\webdriver\\support\\wait.py\", line 96, in until\n    value = method(self._driver)\n            ^^^^^^^^^^^^^^^^^^^^\n  File \"C:\\Users\\Utilisateur\\PycharmProjects\\python_selenium_framework\\.venv\\Lib\\site-packages\\selenium\\webdriver\\support\\expected_conditions.py\", line 363, in _predicate\n    target = driver.find_element(*target)  # grab element at locator\n             ^^^^^^^^^^^^^^^^^^^^^^^^^^^^\n  File \"C:\\Users\\Utilisateur\\PycharmProjects\\python_selenium_framework\\.venv\\Lib\\site-packages\\selenium\\webdriver\\remote\\webdriver.py\", line 741, in find_element\n    return self.execute(Command.FIND_ELEMENT, {\"using\": by, \"value\": value})[\"value\"]\n           ^^^^^^^^^^^^^^^^^^^^^^^^^^^^^^^^^^^^^^^^^^^^^^^^^^^^^^^^^^^^^^^^^\n  File \"C:\\Users\\Utilisateur\\PycharmProjects\\python_selenium_framework\\.venv\\Lib\\site-packages\\selenium\\webdriver\\remote\\webdriver.py\", line 347, in execute\n    self.error_handler.check_response(response)\n  File \"C:\\Users\\Utilisateur\\PycharmProjects\\python_selenium_framework\\.venv\\Lib\\site-packages\\selenium\\webdriver\\remote\\errorhandler.py\", line 229, in check_response\n    raise exception_class(message, screen, stacktrace)\n"}, "steps": [{"name": "Given I navigate to the text-box page", "status": "passed", "attachments": [{"name": "Screenshot", "source": "ffd01a50-d4b1-425a-ba0d-640853997fdc-attachment.png", "type": "image/png"}], "start": 1717877019154, "stop": 1717877023036}, {"name": "And I enter \"Antoine Brunet\" as the full name", "status": "broken", "statusDetails": {"message": "selenium.common.exceptions.InvalidArgumentException: Message: invalid argument: 'value' must be a string\n  (Session info: chrome=125.0.6422.113)\nStacktrace:\n\tGetHandleVerifier [0x00007FF69A511F52+60322]\n\t(No symbol) [0x00007FF69A48CEC9]\n\t(No symbol) [0x00007FF69A347EBA]\n\t(No symbol) [0x00007FF69A396CEE]\n\t(No symbol) [0x00007FF69A39773C]\n\t(No symbol) [0x00007FF69A3DE967]\n\t(No symbol) [0x00007FF69A3BC25F]\n\t(No symbol) [0x00007FF69A3DBC80]\n\t(No symbol) [0x00007FF69A3BBFC3]\n\t(No symbol) [0x00007FF69A389617]\n\t(No symbol) [0x00007FF69A38A211]\n\tGetHandleVerifier [0x00007FF69A8294AD+3301629]\n\tGetHandleVerifier [0x00007FF69A8736D3+3605283]\n\tGetHandleVerifier [0x00007FF69A869450+3563680]\n\tGetHandleVerifier [0x00007FF69A5C4326+790390]\n\t(No symbol) [0x00007FF69A49750F]\n\t(No symbol) [0x00007FF69A493404]\n\t(No symbol) [0x00007FF69A493592]\n\t(No symbol) [0x00007FF69A482F9F]\n\tBaseThreadInitThunk [0x00007FFC472B257D+29]\n\tRtlUserThreadStart [0x00007FFC47FEAA48+40]\n\n", "trace": "  File \"C:\\Users\\Utilisateur\\PycharmProjects\\python_selenium_framework\\.venv\\Lib\\site-packages\\behave\\model.py\", line 1329, in run\n    match.run(runner.context)\n  File \"C:\\Users\\Utilisateur\\PycharmProjects\\python_selenium_framework\\.venv\\Lib\\site-packages\\behave\\matchers.py\", line 98, in run\n    self.func(context, *args, **kwargs)\n  File \"features\\steps\\elementspagestepdefinitions.py\", line 13, in step_impl\n    enter_full_name(context.driver, full_name)\n  File \"C:\\Users\\Utilisateur\\PycharmProjects\\python_selenium_framework\\pages\\toolsQa\\elements\\textboxpage.py\", line 12, in enter_full_name\n    fill_field(driver, \"fullName\", full_name)\n  File \"C:\\Users\\Utilisateur\\PycharmProjects\\python_selenium_framework\\utils\\driverutil.py\", line 27, in fill_field\n    WebDriverWait(driver, 5).until(\n  File \"C:\\Users\\Utilisateur\\PycharmProjects\\python_selenium_framework\\.venv\\Lib\\site-packages\\selenium\\webdriver\\support\\wait.py\", line 96, in until\n    value = method(self._driver)\n            ^^^^^^^^^^^^^^^^^^^^\n  File \"C:\\Users\\Utilisateur\\PycharmProjects\\python_selenium_framework\\.venv\\Lib\\site-packages\\selenium\\webdriver\\support\\expected_conditions.py\", line 363, in _predicate\n    target = driver.find_element(*target)  # grab element at locator\n             ^^^^^^^^^^^^^^^^^^^^^^^^^^^^\n  File \"C:\\Users\\Utilisateur\\PycharmProjects\\python_selenium_framework\\.venv\\Lib\\site-packages\\selenium\\webdriver\\remote\\webdriver.py\", line 741, in find_element\n    return self.execute(Command.FIND_ELEMENT, {\"using\": by, \"value\": value})[\"value\"]\n           ^^^^^^^^^^^^^^^^^^^^^^^^^^^^^^^^^^^^^^^^^^^^^^^^^^^^^^^^^^^^^^^^^\n  File \"C:\\Users\\Utilisateur\\PycharmProjects\\python_selenium_framework\\.venv\\Lib\\site-packages\\selenium\\webdriver\\remote\\webdriver.py\", line 347, in execute\n    self.error_handler.check_response(response)\n  File \"C:\\Users\\Utilisateur\\PycharmProjects\\python_selenium_framework\\.venv\\Lib\\site-packages\\selenium\\webdriver\\remote\\errorhandler.py\", line 229, in check_response\n    raise exception_class(message, screen, stacktrace)\n"}, "start": 1717877023036, "stop": 1717877023057}], "parameters": [{"name": "fullName", "value": "Antoine Brunet"}, {"name": "email", "value": "test@gmail.com"}, {"name": "currentAddress", "value": "123, False Street"}, {"name": "permanentAddress", "value": "123, False Street"}], "start": 1717877017304, "stop": 1717877023268, "uuid": "a6d47b93-f3cc-4177-89c7-2036e5f6a2e4", "historyId": "46f4bed376e77b86b384e5a89a902cf0", "fullName": "Tools QA Elements: Text Box", "labels": [{"name": "severity", "value": "normal"}, {"name": "tag", "value": "textBox"}, {"name": "tag", "value": "toolsQaElements"}, {"name": "feature", "value": "Tools QA Elements"}, {"name": "framework", "value": "behave"}, {"name": "language", "value": "cpython3"}]}