{"name": "Text Box -- @1.1 ", "status": "broken", "statusDetails": {"message": "selenium.common.exceptions.ElementClickInterceptedException: Message: element click intercepted: Element <button id=\"submit\" type=\"button\" class=\"btn btn-primary\">...</button> is not clickable at point (1364, 874). Other element would receive the click: <div id=\"adplus-anchor\" data-google-query-id=\"CLzo6drwzIYDFUGnWgUdig0Grg\">...</div>\n  (Session info: chrome=125.0.6422.113)\nStacktrace:\n\tGetHandleVerifier [0x00007FF6A4911F52+60322]\n\t(No symbol) [0x00007FF6A488CEC9]\n\t(No symbol) [0x00007FF6A4747EBA]\n\t(No symbol) [0x00007FF6A479F32E]\n\t(No symbol) [0x00007FF6A479CCF2]\n\t(No symbol) [0x00007FF6A479A18B]\n\t(No symbol) [0x00007FF6A4799356]\n\t(No symbol) [0x00007FF6A478B491]\n\t(No symbol) [0x00007FF6A47BC21A]\n\t(No symbol) [0x00007FF6A478ADB6]\n\t(No symbol) [0x00007FF6A47BC430]\n\t(No symbol) [0x00007FF6A47DBC80]\n\t(No symbol) [0x00007FF6A47BBFC3]\n\t(No symbol) [0x00007FF6A4789617]\n\t(No symbol) [0x00007FF6A478A211]\n\tGetHandleVerifier [0x00007FF6A4C294AD+3301629]\n\tGetHandleVerifier [0x00007FF6A4C736D3+3605283]\n\tGetHandleVerifier [0x00007FF6A4C69450+3563680]\n\tGetHandleVerifier [0x00007FF6A49C4326+790390]\n\t(No symbol) [0x00007FF6A489750F]\n\t(No symbol) [0x00007FF6A4893404]\n\t(No symbol) [0x00007FF6A4893592]\n\t(No symbol) [0x00007FF6A4882F9F]\n\tBaseThreadInitThunk [0x00007FFC472B257D+29]\n\tRtlUserThreadStart [0x00007FFC47FEAA48+40]\n\n", "trace": "  File \"C:\\Users\\Utilisateur\\PycharmProjects\\python_selenium_framework\\.venv\\Lib\\site-packages\\behave\\model.py\", line 1329, in run\n    match.run(runner.context)\n  File \"C:\\Users\\Utilisateur\\PycharmProjects\\python_selenium_framework\\.venv\\Lib\\site-packages\\behave\\matchers.py\", line 98, in run\n    self.func(context, *args, **kwargs)\n  File \"features\\steps\\elementspagestepdefinitions.py\", line 33, in step_impl\n    click_on_submit(context.driver)\n  File \"C:\\Users\\Utilisateur\\PycharmProjects\\python_selenium_framework\\pages\\toolsQa\\elements\\textboxpage.py\", line 35, in click_on_submit\n    click(driver, name_of_file, name_of_xpath)\n  File \"C:\\Users\\Utilisateur\\PycharmProjects\\python_selenium_framework\\utils\\driverutil.py\", line 49, in click\n    driver.find_element(\"xpath\", get_xpath(name_of_file, name_of_xpath)).click()\n  File \"C:\\Users\\Utilisateur\\PycharmProjects\\python_selenium_framework\\.venv\\Lib\\site-packages\\selenium\\webdriver\\remote\\webelement.py\", line 94, in click\n    self._execute(Command.CLICK_ELEMENT)\n  File \"C:\\Users\\Utilisateur\\PycharmProjects\\python_selenium_framework\\.venv\\Lib\\site-packages\\selenium\\webdriver\\remote\\webelement.py\", line 395, in _execute\n    return self._parent.execute(command, params)\n           ^^^^^^^^^^^^^^^^^^^^^^^^^^^^^^^^^^^^^\n  File \"C:\\Users\\Utilisateur\\PycharmProjects\\python_selenium_framework\\.venv\\Lib\\site-packages\\selenium\\webdriver\\remote\\webdriver.py\", line 347, in execute\n    self.error_handler.check_response(response)\n  File \"C:\\Users\\Utilisateur\\PycharmProjects\\python_selenium_framework\\.venv\\Lib\\site-packages\\selenium\\webdriver\\remote\\errorhandler.py\", line 229, in check_response\n    raise exception_class(message, screen, stacktrace)\n"}, "steps": [{"name": "Given I navigate to the text-box page", "status": "passed", "attachments": [{"name": "Screenshot", "source": "bea772a6-a752-4a7e-ad8b-6924e9a0aa73-attachment.png", "type": "image/png"}], "start": 1717879733138, "stop": 1717879736022}, {"name": "And I enter \"Antoine Brunet\" as the full name", "status": "passed", "attachments": [{"name": "Screenshot", "source": "c7e9a47b-7c20-4a55-8139-2624e682258d-attachment.png", "type": "image/png"}], "start": 1717879736023, "stop": 1717879736736}, {"name": "And I enter \"test@gmail.com\" as the email", "status": "passed", "attachments": [{"name": "Screenshot", "source": "e62ca43a-1119-4560-ae6a-67ef0aa0df78-attachment.png", "type": "image/png"}], "start": 1717879736736, "stop": 1717879737147}, {"name": "And I enter \"123, False Street\" as the current address", "status": "passed", "attachments": [{"name": "Screenshot", "source": "393941de-bced-4002-8c48-dcacffdc4221-attachment.png", "type": "image/png"}], "start": 1717879737147, "stop": 1717879737600}, {"name": "And I enter \"123, False Street\" as the permanent address", "status": "passed", "attachments": [{"name": "Screenshot", "source": "bdd3c58b-1191-4699-9269-3d6f0c369667-attachment.png", "type": "image/png"}], "start": 1717879737600, "stop": 1717879738019}, {"name": "And I click on submit", "status": "broken", "statusDetails": {"message": "selenium.common.exceptions.ElementClickInterceptedException: Message: element click intercepted: Element <button id=\"submit\" type=\"button\" class=\"btn btn-primary\">...</button> is not clickable at point (1364, 874). Other element would receive the click: <div id=\"adplus-anchor\" data-google-query-id=\"CLzo6drwzIYDFUGnWgUdig0Grg\">...</div>\n  (Session info: chrome=125.0.6422.113)\nStacktrace:\n\tGetHandleVerifier [0x00007FF6A4911F52+60322]\n\t(No symbol) [0x00007FF6A488CEC9]\n\t(No symbol) [0x00007FF6A4747EBA]\n\t(No symbol) [0x00007FF6A479F32E]\n\t(No symbol) [0x00007FF6A479CCF2]\n\t(No symbol) [0x00007FF6A479A18B]\n\t(No symbol) [0x00007FF6A4799356]\n\t(No symbol) [0x00007FF6A478B491]\n\t(No symbol) [0x00007FF6A47BC21A]\n\t(No symbol) [0x00007FF6A478ADB6]\n\t(No symbol) [0x00007FF6A47BC430]\n\t(No symbol) [0x00007FF6A47DBC80]\n\t(No symbol) [0x00007FF6A47BBFC3]\n\t(No symbol) [0x00007FF6A4789617]\n\t(No symbol) [0x00007FF6A478A211]\n\tGetHandleVerifier [0x00007FF6A4C294AD+3301629]\n\tGetHandleVerifier [0x00007FF6A4C736D3+3605283]\n\tGetHandleVerifier [0x00007FF6A4C69450+3563680]\n\tGetHandleVerifier [0x00007FF6A49C4326+790390]\n\t(No symbol) [0x00007FF6A489750F]\n\t(No symbol) [0x00007FF6A4893404]\n\t(No symbol) [0x00007FF6A4893592]\n\t(No symbol) [0x00007FF6A4882F9F]\n\tBaseThreadInitThunk [0x00007FFC472B257D+29]\n\tRtlUserThreadStart [0x00007FFC47FEAA48+40]\n\n", "trace": "  File \"C:\\Users\\Utilisateur\\PycharmProjects\\python_selenium_framework\\.venv\\Lib\\site-packages\\behave\\model.py\", line 1329, in run\n    match.run(runner.context)\n  File \"C:\\Users\\Utilisateur\\PycharmProjects\\python_selenium_framework\\.venv\\Lib\\site-packages\\behave\\matchers.py\", line 98, in run\n    self.func(context, *args, **kwargs)\n  File \"features\\steps\\elementspagestepdefinitions.py\", line 33, in step_impl\n    click_on_submit(context.driver)\n  File \"C:\\Users\\Utilisateur\\PycharmProjects\\python_selenium_framework\\pages\\toolsQa\\elements\\textboxpage.py\", line 35, in click_on_submit\n    click(driver, name_of_file, name_of_xpath)\n  File \"C:\\Users\\Utilisateur\\PycharmProjects\\python_selenium_framework\\utils\\driverutil.py\", line 49, in click\n    driver.find_element(\"xpath\", get_xpath(name_of_file, name_of_xpath)).click()\n  File \"C:\\Users\\Utilisateur\\PycharmProjects\\python_selenium_framework\\.venv\\Lib\\site-packages\\selenium\\webdriver\\remote\\webelement.py\", line 94, in click\n    self._execute(Command.CLICK_ELEMENT)\n  File \"C:\\Users\\Utilisateur\\PycharmProjects\\python_selenium_framework\\.venv\\Lib\\site-packages\\selenium\\webdriver\\remote\\webelement.py\", line 395, in _execute\n    return self._parent.execute(command, params)\n           ^^^^^^^^^^^^^^^^^^^^^^^^^^^^^^^^^^^^^\n  File \"C:\\Users\\Utilisateur\\PycharmProjects\\python_selenium_framework\\.venv\\Lib\\site-packages\\selenium\\webdriver\\remote\\webdriver.py\", line 347, in execute\n    self.error_handler.check_response(response)\n  File \"C:\\Users\\Utilisateur\\PycharmProjects\\python_selenium_framework\\.venv\\Lib\\site-packages\\selenium\\webdriver\\remote\\errorhandler.py\", line 229, in check_response\n    raise exception_class(message, screen, stacktrace)\n"}, "start": 1717879738019, "stop": 1717879739494}], "parameters": [{"name": "fullName", "value": "Antoine Brunet"}, {"name": "email", "value": "test@gmail.com"}, {"name": "currentAddress", "value": "123, False Street"}, {"name": "permanentAddress", "value": "123, False Street"}], "start": 1717879730464, "stop": 1717879739654, "uuid": "10b76ec4-db05-4b62-b63e-db1a2b6a4add", "historyId": "46f4bed376e77b86b384e5a89a902cf0", "fullName": "Tools QA Elements: Text Box", "labels": [{"name": "severity", "value": "normal"}, {"name": "tag", "value": "textBox"}, {"name": "tag", "value": "toolsQaElements"}, {"name": "feature", "value": "Tools QA Elements"}, {"name": "framework", "value": "behave"}, {"name": "language", "value": "cpython3"}]}