{"name": "Text Box -- @1.1 ", "status": "broken", "statusDetails": {"message": "selenium.common.exceptions.ElementClickInterceptedException: Message: element click intercepted: Element <button id=\"submit\" type=\"button\" class=\"btn btn-primary\">...</button> is not clickable at point (1364, 818). Other element would receive the click: <div id=\"adplus-anchor\" data-google-query-id=\"CKCJ3dryzIYDFfkX0AQd3r0JoQ\">...</div>\n  (Session info: chrome=125.0.6422.113)\nStacktrace:\n\tGetHandleVerifier [0x00007FF6E4881F52+60322]\n\t(No symbol) [0x00007FF6E47FCEC9]\n\t(No symbol) [0x00007FF6E46B7EBA]\n\t(No symbol) [0x00007FF6E470F32E]\n\t(No symbol) [0x00007FF6E470CCF2]\n\t(No symbol) [0x00007FF6E470A18B]\n\t(No symbol) [0x00007FF6E4709356]\n\t(No symbol) [0x00007FF6E46FB491]\n\t(No symbol) [0x00007FF6E472C21A]\n\t(No symbol) [0x00007FF6E46FADB6]\n\t(No symbol) [0x00007FF6E472C430]\n\t(No symbol) [0x00007FF6E474BC80]\n\t(No symbol) [0x00007FF6E472BFC3]\n\t(No symbol) [0x00007FF6E46F9617]\n\t(No symbol) [0x00007FF6E46FA211]\n\tGetHandleVerifier [0x00007FF6E4B994AD+3301629]\n\tGetHandleVerifier [0x00007FF6E4BE36D3+3605283]\n\tGetHandleVerifier [0x00007FF6E4BD9450+3563680]\n\tGetHandleVerifier [0x00007FF6E4934326+790390]\n\t(No symbol) [0x00007FF6E480750F]\n\t(No symbol) [0x00007FF6E4803404]\n\t(No symbol) [0x00007FF6E4803592]\n\t(No symbol) [0x00007FF6E47F2F9F]\n\tBaseThreadInitThunk [0x00007FFC472B257D+29]\n\tRtlUserThreadStart [0x00007FFC47FEAA48+40]\n\n", "trace": "  File \"C:\\Users\\Utilisateur\\PycharmProjects\\python_selenium_framework\\.venv\\Lib\\site-packages\\behave\\model.py\", line 1329, in run\n    match.run(runner.context)\n  File \"C:\\Users\\Utilisateur\\PycharmProjects\\python_selenium_framework\\.venv\\Lib\\site-packages\\behave\\matchers.py\", line 98, in run\n    self.func(context, *args, **kwargs)\n  File \"features\\steps\\elementspagestepdefinitions.py\", line 33, in step_impl\n    click_on_submit(context.driver)\n  File \"C:\\Users\\Utilisateur\\PycharmProjects\\python_selenium_framework\\pages\\toolsQa\\elements\\textboxpage.py\", line 35, in click_on_submit\n    click(driver, name_of_file, name_of_xpath)\n  File \"C:\\Users\\Utilisateur\\PycharmProjects\\python_selenium_framework\\utils\\driverutil.py\", line 47, in click\n    driver.find_element(\"xpath\", get_xpath(name_of_file, name_of_xpath)).click()\n  File \"C:\\Users\\Utilisateur\\PycharmProjects\\python_selenium_framework\\.venv\\Lib\\site-packages\\selenium\\webdriver\\remote\\webelement.py\", line 94, in click\n    self._execute(Command.CLICK_ELEMENT)\n  File \"C:\\Users\\Utilisateur\\PycharmProjects\\python_selenium_framework\\.venv\\Lib\\site-packages\\selenium\\webdriver\\remote\\webelement.py\", line 395, in _execute\n    return self._parent.execute(command, params)\n           ^^^^^^^^^^^^^^^^^^^^^^^^^^^^^^^^^^^^^\n  File \"C:\\Users\\Utilisateur\\PycharmProjects\\python_selenium_framework\\.venv\\Lib\\site-packages\\selenium\\webdriver\\remote\\webdriver.py\", line 347, in execute\n    self.error_handler.check_response(response)\n  File \"C:\\Users\\Utilisateur\\PycharmProjects\\python_selenium_framework\\.venv\\Lib\\site-packages\\selenium\\webdriver\\remote\\errorhandler.py\", line 229, in check_response\n    raise exception_class(message, screen, stacktrace)\n"}, "steps": [{"name": "Given I navigate to the text-box page", "status": "passed", "attachments": [{"name": "Screenshot", "source": "ca78a2d9-8211-470e-8d44-59c92f8665e4-attachment.png", "type": "image/png"}], "start": 1717880269682, "stop": 1717880273027}, {"name": "And I enter \"Antoine Brunet\" as the full name", "status": "passed", "start": 1717880273028, "stop": 1717880273028}, {"name": "And I enter \"test@gmail.com\" as the email", "status": "passed", "start": 1717880273028, "stop": 1717880273028}, {"name": "And I enter \"123, False Street\" as the current address", "status": "passed", "start": 1717880273028, "stop": 1717880273029}, {"name": "And I enter \"123, False Street\" as the permanent address", "status": "passed", "start": 1717880273029, "stop": 1717880273029}, {"name": "And I click on submit", "status": "broken", "statusDetails": {"message": "selenium.common.exceptions.ElementClickInterceptedException: Message: element click intercepted: Element <button id=\"submit\" type=\"button\" class=\"btn btn-primary\">...</button> is not clickable at point (1364, 818). Other element would receive the click: <div id=\"adplus-anchor\" data-google-query-id=\"CKCJ3dryzIYDFfkX0AQd3r0JoQ\">...</div>\n  (Session info: chrome=125.0.6422.113)\nStacktrace:\n\tGetHandleVerifier [0x00007FF6E4881F52+60322]\n\t(No symbol) [0x00007FF6E47FCEC9]\n\t(No symbol) [0x00007FF6E46B7EBA]\n\t(No symbol) [0x00007FF6E470F32E]\n\t(No symbol) [0x00007FF6E470CCF2]\n\t(No symbol) [0x00007FF6E470A18B]\n\t(No symbol) [0x00007FF6E4709356]\n\t(No symbol) [0x00007FF6E46FB491]\n\t(No symbol) [0x00007FF6E472C21A]\n\t(No symbol) [0x00007FF6E46FADB6]\n\t(No symbol) [0x00007FF6E472C430]\n\t(No symbol) [0x00007FF6E474BC80]\n\t(No symbol) [0x00007FF6E472BFC3]\n\t(No symbol) [0x00007FF6E46F9617]\n\t(No symbol) [0x00007FF6E46FA211]\n\tGetHandleVerifier [0x00007FF6E4B994AD+3301629]\n\tGetHandleVerifier [0x00007FF6E4BE36D3+3605283]\n\tGetHandleVerifier [0x00007FF6E4BD9450+3563680]\n\tGetHandleVerifier [0x00007FF6E4934326+790390]\n\t(No symbol) [0x00007FF6E480750F]\n\t(No symbol) [0x00007FF6E4803404]\n\t(No symbol) [0x00007FF6E4803592]\n\t(No symbol) [0x00007FF6E47F2F9F]\n\tBaseThreadInitThunk [0x00007FFC472B257D+29]\n\tRtlUserThreadStart [0x00007FFC47FEAA48+40]\n\n", "trace": "  File \"C:\\Users\\Utilisateur\\PycharmProjects\\python_selenium_framework\\.venv\\Lib\\site-packages\\behave\\model.py\", line 1329, in run\n    match.run(runner.context)\n  File \"C:\\Users\\Utilisateur\\PycharmProjects\\python_selenium_framework\\.venv\\Lib\\site-packages\\behave\\matchers.py\", line 98, in run\n    self.func(context, *args, **kwargs)\n  File \"features\\steps\\elementspagestepdefinitions.py\", line 33, in step_impl\n    click_on_submit(context.driver)\n  File \"C:\\Users\\Utilisateur\\PycharmProjects\\python_selenium_framework\\pages\\toolsQa\\elements\\textboxpage.py\", line 35, in click_on_submit\n    click(driver, name_of_file, name_of_xpath)\n  File \"C:\\Users\\Utilisateur\\PycharmProjects\\python_selenium_framework\\utils\\driverutil.py\", line 47, in click\n    driver.find_element(\"xpath\", get_xpath(name_of_file, name_of_xpath)).click()\n  File \"C:\\Users\\Utilisateur\\PycharmProjects\\python_selenium_framework\\.venv\\Lib\\site-packages\\selenium\\webdriver\\remote\\webelement.py\", line 94, in click\n    self._execute(Command.CLICK_ELEMENT)\n  File \"C:\\Users\\Utilisateur\\PycharmProjects\\python_selenium_framework\\.venv\\Lib\\site-packages\\selenium\\webdriver\\remote\\webelement.py\", line 395, in _execute\n    return self._parent.execute(command, params)\n           ^^^^^^^^^^^^^^^^^^^^^^^^^^^^^^^^^^^^^\n  File \"C:\\Users\\Utilisateur\\PycharmProjects\\python_selenium_framework\\.venv\\Lib\\site-packages\\selenium\\webdriver\\remote\\webdriver.py\", line 347, in execute\n    self.error_handler.check_response(response)\n  File \"C:\\Users\\Utilisateur\\PycharmProjects\\python_selenium_framework\\.venv\\Lib\\site-packages\\selenium\\webdriver\\remote\\errorhandler.py\", line 229, in check_response\n    raise exception_class(message, screen, stacktrace)\n"}, "start": 1717880273029, "stop": 1717880274295}], "parameters": [{"name": "fullName", "value": "Antoine Brunet"}, {"name": "email", "value": "test@gmail.com"}, {"name": "currentAddress", "value": "123, False Street"}, {"name": "permanentAddress", "value": "123, False Street"}], "start": 1717880267348, "stop": 1717880274468, "uuid": "4d9a6f4c-be17-4364-9416-342377a53112", "historyId": "46f4bed376e77b86b384e5a89a902cf0", "fullName": "Tools QA Elements: Text Box", "labels": [{"name": "severity", "value": "normal"}, {"name": "tag", "value": "textBox"}, {"name": "tag", "value": "toolsQaElements"}, {"name": "feature", "value": "Tools QA Elements"}, {"name": "framework", "value": "behave"}, {"name": "language", "value": "cpython3"}]}