{"name": "Text Box -- @1.1 ", "status": "broken", "statusDetails": {"message": "selenium.common.exceptions.ElementClickInterceptedException: Message: element click intercepted: Element <button id=\"submit\" type=\"button\" class=\"btn btn-primary\">...</button> is not clickable at point (1364, 874). Other element would receive the click: <iframe id=\"google_ads_iframe_/21849154601,22343295815/Ad.Plus-Anchor_0\" name=\"google_ads_iframe_/21849154601,22343295815/Ad.Plus-Anchor_0\" title=\"3rd party ad content\" width=\"970\" height=\"90\" scrolling=\"no\" marginwidth=\"0\" marginheight=\"0\" frameborder=\"0\" aria-label=\"Advertisement\" tabindex=\"0\" allow=\"attribution-reporting\" data-load-complete=\"true\" style=\"border: 0px; vertical-align: bottom;\" data-google-container-id=\"1\"></iframe>\n  (Session info: chrome=125.0.6422.113)\nStacktrace:\n\tGetHandleVerifier [0x00007FF628101F52+60322]\n\t(No symbol) [0x00007FF62807CEC9]\n\t(No symbol) [0x00007FF627F37EBA]\n\t(No symbol) [0x00007FF627F8F32E]\n\t(No symbol) [0x00007FF627F8CCF2]\n\t(No symbol) [0x00007FF627F8A18B]\n\t(No symbol) [0x00007FF627F89356]\n\t(No symbol) [0x00007FF627F7B491]\n\t(No symbol) [0x00007FF627FAC21A]\n\t(No symbol) [0x00007FF627F7ADB6]\n\t(No symbol) [0x00007FF627FAC430]\n\t(No symbol) [0x00007FF627FCBC80]\n\t(No symbol) [0x00007FF627FABFC3]\n\t(No symbol) [0x00007FF627F79617]\n\t(No symbol) [0x00007FF627F7A211]\n\tGetHandleVerifier [0x00007FF6284194AD+3301629]\n\tGetHandleVerifier [0x00007FF6284636D3+3605283]\n\tGetHandleVerifier [0x00007FF628459450+3563680]\n\tGetHandleVerifier [0x00007FF6281B4326+790390]\n\t(No symbol) [0x00007FF62808750F]\n\t(No symbol) [0x00007FF628083404]\n\t(No symbol) [0x00007FF628083592]\n\t(No symbol) [0x00007FF628072F9F]\n\tBaseThreadInitThunk [0x00007FFC472B257D+29]\n\tRtlUserThreadStart [0x00007FFC47FEAA48+40]\n\n", "trace": "  File \"C:\\Users\\Utilisateur\\PycharmProjects\\python_selenium_framework\\.venv\\Lib\\site-packages\\behave\\model.py\", line 1329, in run\n    match.run(runner.context)\n  File \"C:\\Users\\Utilisateur\\PycharmProjects\\python_selenium_framework\\.venv\\Lib\\site-packages\\behave\\matchers.py\", line 98, in run\n    self.func(context, *args, **kwargs)\n  File \"features\\steps\\elementspagestepdefinitions.py\", line 33, in step_impl\n    click_on_submit(context.driver)\n  File \"C:\\Users\\Utilisateur\\PycharmProjects\\python_selenium_framework\\pages\\toolsQa\\elements\\textboxpage.py\", line 35, in click_on_submit\n    click(driver, name_of_file, name_of_xpath)\n  File \"C:\\Users\\Utilisateur\\PycharmProjects\\python_selenium_framework\\utils\\driverutil.py\", line 49, in click\n    driver.find_element(\"xpath\", get_xpath(name_of_file, name_of_xpath)).click()\n  File \"C:\\Users\\Utilisateur\\PycharmProjects\\python_selenium_framework\\.venv\\Lib\\site-packages\\selenium\\webdriver\\remote\\webelement.py\", line 94, in click\n    self._execute(Command.CLICK_ELEMENT)\n  File \"C:\\Users\\Utilisateur\\PycharmProjects\\python_selenium_framework\\.venv\\Lib\\site-packages\\selenium\\webdriver\\remote\\webelement.py\", line 395, in _execute\n    return self._parent.execute(command, params)\n           ^^^^^^^^^^^^^^^^^^^^^^^^^^^^^^^^^^^^^\n  File \"C:\\Users\\Utilisateur\\PycharmProjects\\python_selenium_framework\\.venv\\Lib\\site-packages\\selenium\\webdriver\\remote\\webdriver.py\", line 347, in execute\n    self.error_handler.check_response(response)\n  File \"C:\\Users\\Utilisateur\\PycharmProjects\\python_selenium_framework\\.venv\\Lib\\site-packages\\selenium\\webdriver\\remote\\errorhandler.py\", line 229, in check_response\n    raise exception_class(message, screen, stacktrace)\n"}, "steps": [{"name": "Given I navigate to the text-box page", "status": "passed", "attachments": [{"name": "Screenshot", "source": "a668ea92-0e03-4bef-a015-d54e008c735e-attachment.png", "type": "image/png"}], "start": 1717879890555, "stop": 1717879893429}, {"name": "And I enter \"Antoine Brunet\" as the full name", "status": "passed", "attachments": [{"name": "Screenshot", "source": "bcd885b4-78f1-4805-8c49-1d557e647501-attachment.png", "type": "image/png"}], "start": 1717879893429, "stop": 1717879894079}, {"name": "And I enter \"test@gmail.com\" as the email", "status": "passed", "attachments": [{"name": "Screenshot", "source": "9bf4ca02-2fb3-41f5-ab33-f0cfea22cd05-attachment.png", "type": "image/png"}], "start": 1717879894080, "stop": 1717879894482}, {"name": "And I enter \"123, False Street\" as the current address", "status": "passed", "attachments": [{"name": "Screenshot", "source": "3e33a2cc-9853-4ab6-a6c2-5b95ec2c8e7d-attachment.png", "type": "image/png"}], "start": 1717879894482, "stop": 1717879894982}, {"name": "And I enter \"123, False Street\" as the permanent address", "status": "passed", "attachments": [{"name": "Screenshot", "source": "82701ef5-b9f8-4add-b512-d8cf100df438-attachment.png", "type": "image/png"}], "start": 1717879894982, "stop": 1717879895402}, {"name": "And I click on submit", "status": "broken", "statusDetails": {"message": "selenium.common.exceptions.ElementClickInterceptedException: Message: element click intercepted: Element <button id=\"submit\" type=\"button\" class=\"btn btn-primary\">...</button> is not clickable at point (1364, 874). Other element would receive the click: <iframe id=\"google_ads_iframe_/21849154601,22343295815/Ad.Plus-Anchor_0\" name=\"google_ads_iframe_/21849154601,22343295815/Ad.Plus-Anchor_0\" title=\"3rd party ad content\" width=\"970\" height=\"90\" scrolling=\"no\" marginwidth=\"0\" marginheight=\"0\" frameborder=\"0\" aria-label=\"Advertisement\" tabindex=\"0\" allow=\"attribution-reporting\" data-load-complete=\"true\" style=\"border: 0px; vertical-align: bottom;\" data-google-container-id=\"1\"></iframe>\n  (Session info: chrome=125.0.6422.113)\nStacktrace:\n\tGetHandleVerifier [0x00007FF628101F52+60322]\n\t(No symbol) [0x00007FF62807CEC9]\n\t(No symbol) [0x00007FF627F37EBA]\n\t(No symbol) [0x00007FF627F8F32E]\n\t(No symbol) [0x00007FF627F8CCF2]\n\t(No symbol) [0x00007FF627F8A18B]\n\t(No symbol) [0x00007FF627F89356]\n\t(No symbol) [0x00007FF627F7B491]\n\t(No symbol) [0x00007FF627FAC21A]\n\t(No symbol) [0x00007FF627F7ADB6]\n\t(No symbol) [0x00007FF627FAC430]\n\t(No symbol) [0x00007FF627FCBC80]\n\t(No symbol) [0x00007FF627FABFC3]\n\t(No symbol) [0x00007FF627F79617]\n\t(No symbol) [0x00007FF627F7A211]\n\tGetHandleVerifier [0x00007FF6284194AD+3301629]\n\tGetHandleVerifier [0x00007FF6284636D3+3605283]\n\tGetHandleVerifier [0x00007FF628459450+3563680]\n\tGetHandleVerifier [0x00007FF6281B4326+790390]\n\t(No symbol) [0x00007FF62808750F]\n\t(No symbol) [0x00007FF628083404]\n\t(No symbol) [0x00007FF628083592]\n\t(No symbol) [0x00007FF628072F9F]\n\tBaseThreadInitThunk [0x00007FFC472B257D+29]\n\tRtlUserThreadStart [0x00007FFC47FEAA48+40]\n\n", "trace": "  File \"C:\\Users\\Utilisateur\\PycharmProjects\\python_selenium_framework\\.venv\\Lib\\site-packages\\behave\\model.py\", line 1329, in run\n    match.run(runner.context)\n  File \"C:\\Users\\Utilisateur\\PycharmProjects\\python_selenium_framework\\.venv\\Lib\\site-packages\\behave\\matchers.py\", line 98, in run\n    self.func(context, *args, **kwargs)\n  File \"features\\steps\\elementspagestepdefinitions.py\", line 33, in step_impl\n    click_on_submit(context.driver)\n  File \"C:\\Users\\Utilisateur\\PycharmProjects\\python_selenium_framework\\pages\\toolsQa\\elements\\textboxpage.py\", line 35, in click_on_submit\n    click(driver, name_of_file, name_of_xpath)\n  File \"C:\\Users\\Utilisateur\\PycharmProjects\\python_selenium_framework\\utils\\driverutil.py\", line 49, in click\n    driver.find_element(\"xpath\", get_xpath(name_of_file, name_of_xpath)).click()\n  File \"C:\\Users\\Utilisateur\\PycharmProjects\\python_selenium_framework\\.venv\\Lib\\site-packages\\selenium\\webdriver\\remote\\webelement.py\", line 94, in click\n    self._execute(Command.CLICK_ELEMENT)\n  File \"C:\\Users\\Utilisateur\\PycharmProjects\\python_selenium_framework\\.venv\\Lib\\site-packages\\selenium\\webdriver\\remote\\webelement.py\", line 395, in _execute\n    return self._parent.execute(command, params)\n           ^^^^^^^^^^^^^^^^^^^^^^^^^^^^^^^^^^^^^\n  File \"C:\\Users\\Utilisateur\\PycharmProjects\\python_selenium_framework\\.venv\\Lib\\site-packages\\selenium\\webdriver\\remote\\webdriver.py\", line 347, in execute\n    self.error_handler.check_response(response)\n  File \"C:\\Users\\Utilisateur\\PycharmProjects\\python_selenium_framework\\.venv\\Lib\\site-packages\\selenium\\webdriver\\remote\\errorhandler.py\", line 229, in check_response\n    raise exception_class(message, screen, stacktrace)\n"}, "start": 1717879895403, "stop": 1717879896823}], "parameters": [{"name": "fullName", "value": "Antoine Brunet"}, {"name": "email", "value": "test@gmail.com"}, {"name": "currentAddress", "value": "123, False Street"}, {"name": "permanentAddress", "value": "123, False Street"}], "start": 1717879888610, "stop": 1717879897023, "uuid": "cc2ac348-7c56-4693-905d-ff211213489e", "historyId": "46f4bed376e77b86b384e5a89a902cf0", "fullName": "Tools QA Elements: Text Box", "labels": [{"name": "severity", "value": "normal"}, {"name": "tag", "value": "textBox"}, {"name": "tag", "value": "toolsQaElements"}, {"name": "feature", "value": "Tools QA Elements"}, {"name": "framework", "value": "behave"}, {"name": "language", "value": "cpython3"}]}