{"name": "Text Box -- @1.1 ", "status": "broken", "statusDetails": {"message": "selenium.common.exceptions.ElementClickInterceptedException: Message: element click intercepted: Element <button id=\"submit\" type=\"button\" class=\"btn btn-primary\">...</button> is not clickable at point (1364, 874). Other element would receive the click: <div id=\"adplus-anchor\" data-google-query-id=\"CMy47_3vzIYDFZS0gwgd_ycMew\">...</div>\n  (Session info: chrome=125.0.6422.113)\nStacktrace:\n\tGetHandleVerifier [0x00007FF6E1681F52+60322]\n\t(No symbol) [0x00007FF6E15FCEC9]\n\t(No symbol) [0x00007FF6E14B7EBA]\n\t(No symbol) [0x00007FF6E150F32E]\n\t(No symbol) [0x00007FF6E150CCF2]\n\t(No symbol) [0x00007FF6E150A18B]\n\t(No symbol) [0x00007FF6E1509356]\n\t(No symbol) [0x00007FF6E14FB491]\n\t(No symbol) [0x00007FF6E152C21A]\n\t(No symbol) [0x00007FF6E14FADB6]\n\t(No symbol) [0x00007FF6E152C430]\n\t(No symbol) [0x00007FF6E154BC80]\n\t(No symbol) [0x00007FF6E152BFC3]\n\t(No symbol) [0x00007FF6E14F9617]\n\t(No symbol) [0x00007FF6E14FA211]\n\tGetHandleVerifier [0x00007FF6E19994AD+3301629]\n\tGetHandleVerifier [0x00007FF6E19E36D3+3605283]\n\tGetHandleVerifier [0x00007FF6E19D9450+3563680]\n\tGetHandleVerifier [0x00007FF6E1734326+790390]\n\t(No symbol) [0x00007FF6E160750F]\n\t(No symbol) [0x00007FF6E1603404]\n\t(No symbol) [0x00007FF6E1603592]\n\t(No symbol) [0x00007FF6E15F2F9F]\n\tBaseThreadInitThunk [0x00007FFC472B257D+29]\n\tRtlUserThreadStart [0x00007FFC47FEAA48+40]\n\n", "trace": "  File \"C:\\Users\\Utilisateur\\PycharmProjects\\python_selenium_framework\\.venv\\Lib\\site-packages\\behave\\model.py\", line 1329, in run\n    match.run(runner.context)\n  File \"C:\\Users\\Utilisateur\\PycharmProjects\\python_selenium_framework\\.venv\\Lib\\site-packages\\behave\\matchers.py\", line 98, in run\n    self.func(context, *args, **kwargs)\n  File \"features\\steps\\elementspagestepdefinitions.py\", line 33, in step_impl\n    click_on_submit(context.driver)\n  File \"C:\\Users\\Utilisateur\\PycharmProjects\\python_selenium_framework\\pages\\toolsQa\\elements\\textboxpage.py\", line 35, in click_on_submit\n    click(driver, name_of_file, name_of_xpath)\n  File \"C:\\Users\\Utilisateur\\PycharmProjects\\python_selenium_framework\\utils\\driverutil.py\", line 49, in click\n    driver.find_element(\"xpath\", get_xpath(name_of_file, name_of_xpath)).click()\n  File \"C:\\Users\\Utilisateur\\PycharmProjects\\python_selenium_framework\\.venv\\Lib\\site-packages\\selenium\\webdriver\\remote\\webelement.py\", line 94, in click\n    self._execute(Command.CLICK_ELEMENT)\n  File \"C:\\Users\\Utilisateur\\PycharmProjects\\python_selenium_framework\\.venv\\Lib\\site-packages\\selenium\\webdriver\\remote\\webelement.py\", line 395, in _execute\n    return self._parent.execute(command, params)\n           ^^^^^^^^^^^^^^^^^^^^^^^^^^^^^^^^^^^^^\n  File \"C:\\Users\\Utilisateur\\PycharmProjects\\python_selenium_framework\\.venv\\Lib\\site-packages\\selenium\\webdriver\\remote\\webdriver.py\", line 347, in execute\n    self.error_handler.check_response(response)\n  File \"C:\\Users\\Utilisateur\\PycharmProjects\\python_selenium_framework\\.venv\\Lib\\site-packages\\selenium\\webdriver\\remote\\errorhandler.py\", line 229, in check_response\n    raise exception_class(message, screen, stacktrace)\n"}, "steps": [{"name": "Given I navigate to the text-box page", "status": "passed", "attachments": [{"name": "Screenshot", "source": "e1b7787d-cd7e-499c-9c92-1c2631016b64-attachment.png", "type": "image/png"}], "start": 1717879538211, "stop": 1717879540995}, {"name": "And I enter \"Antoine Brunet\" as the full name", "status": "passed", "attachments": [{"name": "Screenshot", "source": "7297d04b-6b9b-42e7-8326-5a9adb4dd795-attachment.png", "type": "image/png"}], "start": 1717879540995, "stop": 1717879541602}, {"name": "And I enter \"test@gmail.com\" as the email", "status": "passed", "attachments": [{"name": "Screenshot", "source": "2264c02b-06d8-420b-96cb-f6641d1672ad-attachment.png", "type": "image/png"}], "start": 1717879541602, "stop": 1717879542221}, {"name": "And I enter \"123, False Street\" as the current address", "status": "passed", "attachments": [{"name": "Screenshot", "source": "51659784-8ec4-40d0-8227-2bfae3708cca-attachment.png", "type": "image/png"}], "start": 1717879542221, "stop": 1717879542729}, {"name": "And I enter \"123, False Street\" as the permanent address", "status": "passed", "attachments": [{"name": "Screenshot", "source": "fdc9ecf0-e44c-4282-8542-a4e275e47fa5-attachment.png", "type": "image/png"}], "start": 1717879542729, "stop": 1717879543165}, {"name": "And I click on submit", "status": "broken", "statusDetails": {"message": "selenium.common.exceptions.ElementClickInterceptedException: Message: element click intercepted: Element <button id=\"submit\" type=\"button\" class=\"btn btn-primary\">...</button> is not clickable at point (1364, 874). Other element would receive the click: <div id=\"adplus-anchor\" data-google-query-id=\"CMy47_3vzIYDFZS0gwgd_ycMew\">...</div>\n  (Session info: chrome=125.0.6422.113)\nStacktrace:\n\tGetHandleVerifier [0x00007FF6E1681F52+60322]\n\t(No symbol) [0x00007FF6E15FCEC9]\n\t(No symbol) [0x00007FF6E14B7EBA]\n\t(No symbol) [0x00007FF6E150F32E]\n\t(No symbol) [0x00007FF6E150CCF2]\n\t(No symbol) [0x00007FF6E150A18B]\n\t(No symbol) [0x00007FF6E1509356]\n\t(No symbol) [0x00007FF6E14FB491]\n\t(No symbol) [0x00007FF6E152C21A]\n\t(No symbol) [0x00007FF6E14FADB6]\n\t(No symbol) [0x00007FF6E152C430]\n\t(No symbol) [0x00007FF6E154BC80]\n\t(No symbol) [0x00007FF6E152BFC3]\n\t(No symbol) [0x00007FF6E14F9617]\n\t(No symbol) [0x00007FF6E14FA211]\n\tGetHandleVerifier [0x00007FF6E19994AD+3301629]\n\tGetHandleVerifier [0x00007FF6E19E36D3+3605283]\n\tGetHandleVerifier [0x00007FF6E19D9450+3563680]\n\tGetHandleVerifier [0x00007FF6E1734326+790390]\n\t(No symbol) [0x00007FF6E160750F]\n\t(No symbol) [0x00007FF6E1603404]\n\t(No symbol) [0x00007FF6E1603592]\n\t(No symbol) [0x00007FF6E15F2F9F]\n\tBaseThreadInitThunk [0x00007FFC472B257D+29]\n\tRtlUserThreadStart [0x00007FFC47FEAA48+40]\n\n", "trace": "  File \"C:\\Users\\Utilisateur\\PycharmProjects\\python_selenium_framework\\.venv\\Lib\\site-packages\\behave\\model.py\", line 1329, in run\n    match.run(runner.context)\n  File \"C:\\Users\\Utilisateur\\PycharmProjects\\python_selenium_framework\\.venv\\Lib\\site-packages\\behave\\matchers.py\", line 98, in run\n    self.func(context, *args, **kwargs)\n  File \"features\\steps\\elementspagestepdefinitions.py\", line 33, in step_impl\n    click_on_submit(context.driver)\n  File \"C:\\Users\\Utilisateur\\PycharmProjects\\python_selenium_framework\\pages\\toolsQa\\elements\\textboxpage.py\", line 35, in click_on_submit\n    click(driver, name_of_file, name_of_xpath)\n  File \"C:\\Users\\Utilisateur\\PycharmProjects\\python_selenium_framework\\utils\\driverutil.py\", line 49, in click\n    driver.find_element(\"xpath\", get_xpath(name_of_file, name_of_xpath)).click()\n  File \"C:\\Users\\Utilisateur\\PycharmProjects\\python_selenium_framework\\.venv\\Lib\\site-packages\\selenium\\webdriver\\remote\\webelement.py\", line 94, in click\n    self._execute(Command.CLICK_ELEMENT)\n  File \"C:\\Users\\Utilisateur\\PycharmProjects\\python_selenium_framework\\.venv\\Lib\\site-packages\\selenium\\webdriver\\remote\\webelement.py\", line 395, in _execute\n    return self._parent.execute(command, params)\n           ^^^^^^^^^^^^^^^^^^^^^^^^^^^^^^^^^^^^^\n  File \"C:\\Users\\Utilisateur\\PycharmProjects\\python_selenium_framework\\.venv\\Lib\\site-packages\\selenium\\webdriver\\remote\\webdriver.py\", line 347, in execute\n    self.error_handler.check_response(response)\n  File \"C:\\Users\\Utilisateur\\PycharmProjects\\python_selenium_framework\\.venv\\Lib\\site-packages\\selenium\\webdriver\\remote\\errorhandler.py\", line 229, in check_response\n    raise exception_class(message, screen, stacktrace)\n"}, "start": 1717879543165, "stop": 1717879544614}], "parameters": [{"name": "fullName", "value": "Antoine Brunet"}, {"name": "email", "value": "test@gmail.com"}, {"name": "currentAddress", "value": "123, False Street"}, {"name": "permanentAddress", "value": "123, False Street"}], "start": 1717879536274, "stop": 1717879544849, "uuid": "6019a171-5c09-406c-b3e3-367eab31186b", "historyId": "46f4bed376e77b86b384e5a89a902cf0", "fullName": "Tools QA Elements: Text Box", "labels": [{"name": "severity", "value": "normal"}, {"name": "tag", "value": "textBox"}, {"name": "tag", "value": "toolsQaElements"}, {"name": "feature", "value": "Tools QA Elements"}, {"name": "framework", "value": "behave"}, {"name": "language", "value": "cpython3"}]}