{"name": "Text Box -- @1.1 ", "status": "broken", "statusDetails": {"message": "selenium.common.exceptions.ElementClickInterceptedException: Message: element click intercepted: Element <button id=\"submit\" type=\"button\" class=\"btn btn-primary\">...</button> is not clickable at point (1364, 874). Other element would receive the click: <div id=\"adplus-anchor\" data-google-query-id=\"CN7s5OftzIYDFRGWgwgdeHkHrg\">...</div>\n  (Session info: chrome=125.0.6422.113)\nStacktrace:\n\tGetHandleVerifier [0x00007FF7B7CB1F52+60322]\n\t(No symbol) [0x00007FF7B7C2CEC9]\n\t(No symbol) [0x00007FF7B7AE7EBA]\n\t(No symbol) [0x00007FF7B7B3F32E]\n\t(No symbol) [0x00007FF7B7B3CCF2]\n\t(No symbol) [0x00007FF7B7B3A18B]\n\t(No symbol) [0x00007FF7B7B39356]\n\t(No symbol) [0x00007FF7B7B2B491]\n\t(No symbol) [0x00007FF7B7B5C21A]\n\t(No symbol) [0x00007FF7B7B2ADB6]\n\t(No symbol) [0x00007FF7B7B5C430]\n\t(No symbol) [0x00007FF7B7B7BC80]\n\t(No symbol) [0x00007FF7B7B5BFC3]\n\t(No symbol) [0x00007FF7B7B29617]\n\t(No symbol) [0x00007FF7B7B2A211]\n\tGetHandleVerifier [0x00007FF7B7FC94AD+3301629]\n\tGetHandleVerifier [0x00007FF7B80136D3+3605283]\n\tGetHandleVerifier [0x00007FF7B8009450+3563680]\n\tGetHandleVerifier [0x00007FF7B7D64326+790390]\n\t(No symbol) [0x00007FF7B7C3750F]\n\t(No symbol) [0x00007FF7B7C33404]\n\t(No symbol) [0x00007FF7B7C33592]\n\t(No symbol) [0x00007FF7B7C22F9F]\n\tBaseThreadInitThunk [0x00007FFC472B257D+29]\n\tRtlUserThreadStart [0x00007FFC47FEAA48+40]\n\n", "trace": "  File \"C:\\Users\\Utilisateur\\PycharmProjects\\python_selenium_framework\\.venv\\Lib\\site-packages\\behave\\model.py\", line 1329, in run\n    match.run(runner.context)\n  File \"C:\\Users\\Utilisateur\\PycharmProjects\\python_selenium_framework\\.venv\\Lib\\site-packages\\behave\\matchers.py\", line 98, in run\n    self.func(context, *args, **kwargs)\n  File \"features\\steps\\elementspagestepdefinitions.py\", line 33, in step_impl\n    click_on_submit(context.driver)\n  File \"C:\\Users\\Utilisateur\\PycharmProjects\\python_selenium_framework\\pages\\toolsQa\\elements\\textboxpage.py\", line 31, in click_on_submit\n    click(driver, name_of_file, \"submitButton\")\n  File \"C:\\Users\\Utilisateur\\PycharmProjects\\python_selenium_framework\\utils\\driverutil.py\", line 36, in click\n    driver.find_element(\"xpath\", get_xpath(name_of_file, name_of_xpath)).click()\n  File \"C:\\Users\\Utilisateur\\PycharmProjects\\python_selenium_framework\\.venv\\Lib\\site-packages\\selenium\\webdriver\\remote\\webelement.py\", line 94, in click\n    self._execute(Command.CLICK_ELEMENT)\n  File \"C:\\Users\\Utilisateur\\PycharmProjects\\python_selenium_framework\\.venv\\Lib\\site-packages\\selenium\\webdriver\\remote\\webelement.py\", line 395, in _execute\n    return self._parent.execute(command, params)\n           ^^^^^^^^^^^^^^^^^^^^^^^^^^^^^^^^^^^^^\n  File \"C:\\Users\\Utilisateur\\PycharmProjects\\python_selenium_framework\\.venv\\Lib\\site-packages\\selenium\\webdriver\\remote\\webdriver.py\", line 347, in execute\n    self.error_handler.check_response(response)\n  File \"C:\\Users\\Utilisateur\\PycharmProjects\\python_selenium_framework\\.venv\\Lib\\site-packages\\selenium\\webdriver\\remote\\errorhandler.py\", line 229, in check_response\n    raise exception_class(message, screen, stacktrace)\n"}, "steps": [{"name": "Given I navigate to the text-box page", "status": "passed", "attachments": [{"name": "Screenshot", "source": "1a5ca56d-f22b-457b-ac34-05adc437d885-attachment.png", "type": "image/png"}], "start": 1717878955089, "stop": 1717878959137}, {"name": "And I enter \"Antoine Brunet\" as the full name", "status": "passed", "attachments": [{"name": "Screenshot", "source": "d6542f96-ec5d-4af7-a186-8d93d1459769-attachment.png", "type": "image/png"}], "start": 1717878959137, "stop": 1717878959983}, {"name": "And I enter \"test@gmail.com\" as the email", "status": "passed", "attachments": [{"name": "Screenshot", "source": "3a02963c-07ff-454c-b4bf-d55ebb3b2e0f-attachment.png", "type": "image/png"}], "start": 1717878959984, "stop": 1717878960481}, {"name": "And I enter \"123, False Street\" as the current address", "status": "passed", "attachments": [{"name": "Screenshot", "source": "4f1c9944-41d2-4070-aa3f-9f23213787aa-attachment.png", "type": "image/png"}], "start": 1717878960481, "stop": 1717878960947}, {"name": "And I enter \"123, False Street\" as the permanent address", "status": "passed", "attachments": [{"name": "Screenshot", "source": "cbda74e4-5d7f-48f7-a9f3-c1bdfadf92bd-attachment.png", "type": "image/png"}], "start": 1717878960947, "stop": 1717878961413}, {"name": "And I click on submit", "status": "broken", "statusDetails": {"message": "selenium.common.exceptions.ElementClickInterceptedException: Message: element click intercepted: Element <button id=\"submit\" type=\"button\" class=\"btn btn-primary\">...</button> is not clickable at point (1364, 874). Other element would receive the click: <div id=\"adplus-anchor\" data-google-query-id=\"CN7s5OftzIYDFRGWgwgdeHkHrg\">...</div>\n  (Session info: chrome=125.0.6422.113)\nStacktrace:\n\tGetHandleVerifier [0x00007FF7B7CB1F52+60322]\n\t(No symbol) [0x00007FF7B7C2CEC9]\n\t(No symbol) [0x00007FF7B7AE7EBA]\n\t(No symbol) [0x00007FF7B7B3F32E]\n\t(No symbol) [0x00007FF7B7B3CCF2]\n\t(No symbol) [0x00007FF7B7B3A18B]\n\t(No symbol) [0x00007FF7B7B39356]\n\t(No symbol) [0x00007FF7B7B2B491]\n\t(No symbol) [0x00007FF7B7B5C21A]\n\t(No symbol) [0x00007FF7B7B2ADB6]\n\t(No symbol) [0x00007FF7B7B5C430]\n\t(No symbol) [0x00007FF7B7B7BC80]\n\t(No symbol) [0x00007FF7B7B5BFC3]\n\t(No symbol) [0x00007FF7B7B29617]\n\t(No symbol) [0x00007FF7B7B2A211]\n\tGetHandleVerifier [0x00007FF7B7FC94AD+3301629]\n\tGetHandleVerifier [0x00007FF7B80136D3+3605283]\n\tGetHandleVerifier [0x00007FF7B8009450+3563680]\n\tGetHandleVerifier [0x00007FF7B7D64326+790390]\n\t(No symbol) [0x00007FF7B7C3750F]\n\t(No symbol) [0x00007FF7B7C33404]\n\t(No symbol) [0x00007FF7B7C33592]\n\t(No symbol) [0x00007FF7B7C22F9F]\n\tBaseThreadInitThunk [0x00007FFC472B257D+29]\n\tRtlUserThreadStart [0x00007FFC47FEAA48+40]\n\n", "trace": "  File \"C:\\Users\\Utilisateur\\PycharmProjects\\python_selenium_framework\\.venv\\Lib\\site-packages\\behave\\model.py\", line 1329, in run\n    match.run(runner.context)\n  File \"C:\\Users\\Utilisateur\\PycharmProjects\\python_selenium_framework\\.venv\\Lib\\site-packages\\behave\\matchers.py\", line 98, in run\n    self.func(context, *args, **kwargs)\n  File \"features\\steps\\elementspagestepdefinitions.py\", line 33, in step_impl\n    click_on_submit(context.driver)\n  File \"C:\\Users\\Utilisateur\\PycharmProjects\\python_selenium_framework\\pages\\toolsQa\\elements\\textboxpage.py\", line 31, in click_on_submit\n    click(driver, name_of_file, \"submitButton\")\n  File \"C:\\Users\\Utilisateur\\PycharmProjects\\python_selenium_framework\\utils\\driverutil.py\", line 36, in click\n    driver.find_element(\"xpath\", get_xpath(name_of_file, name_of_xpath)).click()\n  File \"C:\\Users\\Utilisateur\\PycharmProjects\\python_selenium_framework\\.venv\\Lib\\site-packages\\selenium\\webdriver\\remote\\webelement.py\", line 94, in click\n    self._execute(Command.CLICK_ELEMENT)\n  File \"C:\\Users\\Utilisateur\\PycharmProjects\\python_selenium_framework\\.venv\\Lib\\site-packages\\selenium\\webdriver\\remote\\webelement.py\", line 395, in _execute\n    return self._parent.execute(command, params)\n           ^^^^^^^^^^^^^^^^^^^^^^^^^^^^^^^^^^^^^\n  File \"C:\\Users\\Utilisateur\\PycharmProjects\\python_selenium_framework\\.venv\\Lib\\site-packages\\selenium\\webdriver\\remote\\webdriver.py\", line 347, in execute\n    self.error_handler.check_response(response)\n  File \"C:\\Users\\Utilisateur\\PycharmProjects\\python_selenium_framework\\.venv\\Lib\\site-packages\\selenium\\webdriver\\remote\\errorhandler.py\", line 229, in check_response\n    raise exception_class(message, screen, stacktrace)\n"}, "start": 1717878961414, "stop": 1717878962494}, {"name": "Then I see the entered full name \"Antoine Brunet\" in the box below the submit button", "status": "broken", "statusDetails": {"message": "\nYou can implement step definitions for undefined steps with these snippets:\n\n@then(u'I see the entered full name \"Antoine Brunet\" in the box below the submit button')\ndef step_impl(context):\n    raise NotImplementedError(u'STEP: Then I see the entered full name \"Antoine Brunet\" in the box below the submit button')\n\n"}, "start": 1717878962774, "stop": 1717878962774}, {"name": "Then I see the entered email \"test@gmail.com\" in the box below the submit button", "status": "broken", "statusDetails": {"message": "\nYou can implement step definitions for undefined steps with these snippets:\n\n@then(u'I see the entered email \"test@gmail.com\" in the box below the submit button')\ndef step_impl(context):\n    raise NotImplementedError(u'STEP: Then I see the entered email \"test@gmail.com\" in the box below the submit button')\n\n"}, "start": 1717878962774, "stop": 1717878962774}, {"name": "Then I see the entered current address \"123, False Street\" in the box below the submit button", "status": "broken", "statusDetails": {"message": "\nYou can implement step definitions for undefined steps with these snippets:\n\n@then(u'I see the entered current address \"123, False Street\" in the box below the submit button')\ndef step_impl(context):\n    raise NotImplementedError(u'STEP: Then I see the entered current address \"123, False Street\" in the box below the submit button')\n\n"}, "start": 1717878962774, "stop": 1717878962774}, {"name": "Then I see the entered permanent address \"123, False Street\" in the box below the submit button", "status": "broken", "statusDetails": {"message": "\nYou can implement step definitions for undefined steps with these snippets:\n\n@then(u'I see the entered permanent address \"123, False Street\" in the box below the submit button')\ndef step_impl(context):\n    raise NotImplementedError(u'STEP: Then I see the entered permanent address \"123, False Street\" in the box below the submit button')\n\n"}, "start": 1717878962774, "stop": 1717878962774}], "parameters": [{"name": "fullName", "value": "Antoine Brunet"}, {"name": "email", "value": "test@gmail.com"}, {"name": "currentAddress", "value": "123, False Street"}, {"name": "permanentAddress", "value": "123, False Street"}], "start": 1717878952663, "stop": 1717878962774, "uuid": "81cf1885-325b-4d93-b73f-975543adcdb8", "historyId": "46f4bed376e77b86b384e5a89a902cf0", "fullName": "Tools QA Elements: Text Box", "labels": [{"name": "severity", "value": "normal"}, {"name": "tag", "value": "textBox"}, {"name": "tag", "value": "toolsQaElements"}, {"name": "feature", "value": "Tools QA Elements"}, {"name": "framework", "value": "behave"}, {"name": "language", "value": "cpython3"}]}